<?xml version="1.0" encoding="UTF-8"?>
<!-- Generated by org.testng.reporters.JUnitReportReporter -->
<testsuite hostname="SAMYATISWATHI" failures="0" tests="1" name="com.crm.contacts.TC_VT_001_Test" time="24.605" errors="0" timestamp="2024-12-16T12:22:55 IST" skipped="0">
  <testcase classname="com.crm.contacts.TC_VT_001_Test" name="clickOnContacts" time="24.605"/>
  <system-out/>
</testsuite> <!-- com.crm.contacts.TC_VT_001_Test -->
